<?xml version="1.0" encoding="UTF-8"?>
<testsuite name="bookstore.BookServiceImplTest" tests="1" skipped="0" failures="0" errors="0" timestamp="2024-07-05T04:24:27" hostname="Jayams-MacBook-Pro.local" time="0.254">
  <properties/>
  <testcase name="testDeleteBook" classname="bookstore.BookServiceImplTest" time="0.254"/>
  <system-out><![CDATA[]]></system-out>
  <system-err><![CDATA[ERROR StatusLogger No log4j2 configuration file found. Using default configuration: logging only errors to the console.
]]></system-err>
</testsuite>
